#
# A fatal error has been detected by the Java Runtime Environment:
#
#  EXCEPTION_ACCESS_VIOLATION (0xc0000005) at pc=0x0000000068d7f24e, pid=9724, tid=10176
#
# JRE version: Java(TM) SE Runtime Environment (9.0+11) (build 9.0.1+11)
# Java VM: Java HotSpot(TM) 64-Bit Server VM (9.0.1+11, mixed mode, tiered, compressed oops, g1 gc, windows-amd64)
# Problematic frame:
# V  [jvm.dll+0x14f24e]
#
# No core dump will be written. Minidumps are not enabled by default on client versions of Windows
#
# If you would like to submit a bug report, please visit:
#   http://bugreport.java.com/bugreport/crash.jsp
#

---------------  S U M M A R Y ------------

Command Line: -javaagent:C:\Program Files\JetBrains\IntelliJ IDEA Community Edition 2018.2.1\lib\idea_rt.jar=56786:C:\Program Files\JetBrains\IntelliJ IDEA Community Edition 2018.2.1\bin -Dfile.encoding=UTF-8 UI

Host: AMD Ryzen 5 1500X Quad-Core Processor          , 8 cores, 7G,  Windows 10 , 64 bit Build 17134 (10.0.17134.1)
Time: Tue Oct 16 19:43:48 2018 New Zealand Daylight Time elapsed time: 0 seconds (0d 0h 0m 0s)

---------------  T H R E A D  ---------------

Current thread (0x000002014ef2f800):  JavaThread "C1 CompilerThread3" daemon [_thread_in_native, id=10176, stack(0x0000001a5ba00000,0x0000001a5bb00000)]


Current CompileTask:
C1:    772 1043   !   3       sun.font.TrueTypeFont::readBlock (380 bytes)

Stack: [0x0000001a5ba00000,0x0000001a5bb00000],  sp=0x0000001a5bafe428,  free space=1017k
Native frames: (J=compiled Java code, j=interpreted, Vv=VM code, C=native code)
V  [jvm.dll+0x14f24e]
V  [jvm.dll+0x14ae32]
V  [jvm.dll+0x14a267]
V  [jvm.dll+0x15464a]
V  [jvm.dll+0x14b515]
V  [jvm.dll+0x14ec22]
V  [jvm.dll+0x10810c]
V  [jvm.dll+0x107c09]
V  [jvm.dll+0x107d73]
V  [jvm.dll+0x1070e3]
V  [jvm.dll+0x108c17]
V  [jvm.dll+0x1f64f0]
V  [jvm.dll+0x1f5176]
V  [jvm.dll+0x66b2df]
V  [jvm.dll+0x5864e0]
C  [msvcr120.dll+0x24f7f]
C  [msvcr120.dll+0x25126]
C  [KERNEL32.DLL+0x13034]
C  [ntdll.dll+0x71461]


siginfo: EXCEPTION_ACCESS_VIOLATION (0xc0000005), reading address 0xffffffffffffffff


Register to memory mapping:

RIP=0x0000000068d7f24e jvm.dll
RAX=0x000000000000000a is an unknown value
RBX=
[error occurred during error reporting (printing register info), id 0xc0000005]

Registers:
RAX=0x000000000000000a, RBX=0x00000000ffffffff, RCX=0x00000000000003b0, RDX=0x0000000000000028
RSP=0x0000001a5bafe428, RBP=0x000002014f73f270, RSI=0x0000000000000001, RDI=0x0000000000000001
R8 =0x0000000000000001, R9 =0xffffffffffffffff, R10=0x000000000000000a, R11=0x0000001a5bafeaf0
R12=0x00000000000003b5, R13=0x00000000000003a1, R14=0x000000000000000a, R15=0x00000000ffffffff
RIP=0x0000000068d7f24e, EFLAGS=0x0000000000010213

Top of Stack: (sp=0x0000001a5bafe428)
0x0000001a5bafe428:   0000000000000002 0000020158931080
0x0000001a5bafe438:   00000000ffffffff 0000000000000000
0x0000001a5bafe448:   0000000068d7ae32 000002014f73f270
0x0000001a5bafe458:   00000000000003a1 0000001a5bafeaf0
0x0000001a5bafe468:   00000000ffffffff 00000000ffffffff
0x0000001a5bafe478:   0000001a5bafe4b0 0000001a5bafeaf0
0x0000001a5bafe488:   000000007fffffff 0000001a5bafeaf0
0x0000001a5bafe498:   0000001a5bafeb01 0000020158931080
0x0000001a5bafe4a8:   0000000068d7a267 0000020158931000
0x0000001a5bafe4b8:   000002014f73f270 000002012b0dc501
0x0000001a5bafe4c8:   0000000000000002 0000001a5bafeb30
0x0000001a5bafe4d8:   0000000068d8464a 00000000000003a0
0x0000001a5bafe4e8:   0000001a5bafeb38 0000000100006701
0x0000001a5bafe4f8:   00000000690c4300 0000001a00000001
0x0000001a5bafe508:   0000000068d79f33 000002014f73c920
0x0000001a5bafe518:   000002012b0dc500 000002014ef2c360 

Instructions: (pc=0x0000000068d7f24e)
0x0000000068d7f22e:   7c 24 30 44 8b 7c 24 48 4c 8b d0 48 8d 14 85 00
0x0000000068d7f23e:   00 00 00 4d 0b c1 41 3b c7 74 47 41 8b 4c 13 68
0x0000000068d7f24e:   41 3b cc 7c 1d 49 83 f9 ff 74 10 3b c6 74 0c 43
0x0000000068d7f25e:   3b 4c 8b 68 7d 2c 4c 3b ce 74 27 8b d8 4d 8b ca 



---------------  P R O C E S S  ---------------

Java Threads: ( => current thread )
  0x0000020159447000 JavaThread "D3D Screen Updater" daemon [_thread_blocked, id=11188, stack(0x0000001a5c900000,0x0000001a5ca00000)]
  0x000002012b0f4000 JavaThread "DestroyJavaVM" [_thread_blocked, id=13200, stack(0x0000001a59d00000,0x0000001a59e00000)]
  0x00000201590f4800 JavaThread "Thread-0" [_thread_blocked, id=2656, stack(0x0000001a5c600000,0x0000001a5c700000)]
  0x000002015a82f000 JavaThread "AWT-EventQueue-0" [_thread_in_Java, id=7368, stack(0x0000001a5c500000,0x0000001a5c600000)]
  0x000002014f691000 JavaThread "AWT-Windows" daemon [_thread_in_native, id=8264, stack(0x0000001a5c200000,0x0000001a5c300000)]
  0x000002014f5de000 JavaThread "AWT-Shutdown" [_thread_blocked, id=672, stack(0x0000001a5c100000,0x0000001a5c200000)]
  0x000002014f613800 JavaThread "Java2D Disposer" daemon [_thread_blocked, id=13292, stack(0x0000001a5c000000,0x0000001a5c100000)]
  0x000002014f31d000 JavaThread "Service Thread" daemon [_thread_blocked, id=11200, stack(0x0000001a5be00000,0x0000001a5bf00000)]
  0x000002014f31c800 JavaThread "Monitor Ctrl-Break" daemon [_thread_in_native, id=4024, stack(0x0000001a5bd00000,0x0000001a5be00000)]
  0x000002014ef6d000 JavaThread "Common-Cleaner" daemon [_thread_blocked, id=13104, stack(0x0000001a5bc00000,0x0000001a5bd00000)]
  0x000002014ef38000 JavaThread "Sweeper thread" daemon [_thread_blocked, id=13136, stack(0x0000001a5bb00000,0x0000001a5bc00000)]
=>0x000002014ef2f800 JavaThread "C1 CompilerThread3" daemon [_thread_in_native, id=10176, stack(0x0000001a5ba00000,0x0000001a5bb00000)]
  0x000002014ef28800 JavaThread "C2 CompilerThread2" daemon [_thread_blocked, id=1396, stack(0x0000001a5b900000,0x0000001a5ba00000)]
  0x000002014ef20800 JavaThread "C2 CompilerThread1" daemon [_thread_blocked, id=1868, stack(0x0000001a5b800000,0x0000001a5b900000)]
  0x000002014ef20000 JavaThread "C2 CompilerThread0" daemon [_thread_blocked, id=11568, stack(0x0000001a5b700000,0x0000001a5b800000)]
  0x000002014ef1e000 JavaThread "Attach Listener" daemon [_thread_blocked, id=9616, stack(0x0000001a5b600000,0x0000001a5b700000)]
  0x000002014ef19800 JavaThread "Signal Dispatcher" daemon [_thread_blocked, id=12140, stack(0x0000001a5b500000,0x0000001a5b600000)]
  0x000002014eecc000 JavaThread "Finalizer" daemon [_thread_blocked, id=5736, stack(0x0000001a5b400000,0x0000001a5b500000)]
  0x000002014eeb9800 JavaThread "Reference Handler" daemon [_thread_blocked, id=8932, stack(0x0000001a5b300000,0x0000001a5b400000)]

Other Threads:
  0x000002014eeae800 VMThread "VM Thread" [stack: 0x0000001a5b200000,0x0000001a5b300000] [id=4524]
  0x000002014f322800 WatcherThread [stack: 0x0000001a5bf00000,0x0000001a5c000000] [id=12948]
  0x000002012b10b800 GCTaskThread "GC Thread#0" [stack: 0x0000001a59e00000,0x0000001a59f00000] [id=12724]
  0x000002012b10d800 GCTaskThread "GC Thread#1" [stack: 0x0000001a59f00000,0x0000001a5a000000] [id=10944]
  0x000002012b10f000 GCTaskThread "GC Thread#2" [stack: 0x0000001a5a000000,0x0000001a5a100000] [id=10324]
  0x000002012b112800 GCTaskThread "GC Thread#3" [stack: 0x0000001a5a100000,0x0000001a5a200000] [id=6200]
  0x000002012b115000 GCTaskThread "GC Thread#4" [stack: 0x0000001a5a200000,0x0000001a5a300000] [id=9236]
  0x000002012b119000 GCTaskThread "GC Thread#5" [stack: 0x0000001a5a300000,0x0000001a5a400000] [id=8232]
  0x000002012b121000 GCTaskThread "GC Thread#6" [stack: 0x0000001a5a400000,0x0000001a5a500000] [id=8824]
  0x000002012b122800 GCTaskThread "GC Thread#7" [stack: 0x0000001a5a500000,0x0000001a5a600000] [id=7228]
  0x000002014bbf9000 ConcurrentGCThread "G1 Main Marker" [stack: 0x0000001a5af00000,0x0000001a5b000000] [id=3348]
  0x000002014bbfa000 ConcurrentGCThread "G1 Marker#0" [stack: 0x0000001a5b000000,0x0000001a5b100000] [id=11588]
  0x000002014bbfa800 ConcurrentGCThread "G1 Marker#1" [stack: 0x0000001a5b100000,0x0000001a5b200000] [id=5780]
  0x000002012b131800 ConcurrentGCThread "G1 Refine#0" [stack: 0x0000001a5ad00000,0x0000001a5ae00000] [id=7532]
  0x000002012b131000 ConcurrentGCThread "G1 Refine#1" [stack: 0x0000001a5ac00000,0x0000001a5ad00000] [id=12740]
  0x000002012b130000 ConcurrentGCThread "G1 Refine#2" [stack: 0x0000001a5ab00000,0x0000001a5ac00000] [id=12344]
  0x000002012b133800 ConcurrentGCThread "G1 Refine#3" [stack: 0x0000001a5aa00000,0x0000001a5ab00000] [id=7200]
  0x000002012b12f000 ConcurrentGCThread "G1 Refine#4" [stack: 0x0000001a5a900000,0x0000001a5aa00000] [id=12688]
  0x000002012b135000 ConcurrentGCThread "G1 Refine#5" [stack: 0x0000001a5a800000,0x0000001a5a900000] [id=10320]
  0x000002012b132000 ConcurrentGCThread "G1 Refine#6" [stack: 0x0000001a5a700000,0x0000001a5a800000] [id=7272]
  0x000002012b125800 ConcurrentGCThread "G1 Refine#7" [stack: 0x0000001a5a600000,0x0000001a5a700000] [id=12296]
  0x000002012b147000 ConcurrentGCThread "G1 Young RemSet Sampling" [stack: 0x0000001a5ae00000,0x0000001a5af00000] [id=9420]

Threads with active compile tasks:
C1 CompilerThread31043   !   3       sun.font.TrueTypeFont::readBlock (380 bytes)

VM state:not at safepoint (normal execution)

VM Mutex/Monitor currently owned by a thread: None

Heap address: 0x0000000081000000, size: 2032 MB, Compressed Oops mode: 32-bit
Narrow klass base: 0x0000000000000000, Narrow klass shift: 3
Compressed class space size: 1073741824 Address: 0x0000000100000000

Heap:
 garbage-first heap   total 131072K, used 12795K [0x0000000081000000, 0x0000000081100400, 0x0000000100000000)
  region size 1024K, 13 young (13312K), 3 survivors (3072K)
 Metaspace       used 16074K, capacity 16990K, committed 17152K, reserved 1064960K
  class space    used 1817K, capacity 2030K, committed 2048K, reserved 1048576K
Heap Regions: E=young(eden), S=young(survivor), O=old, HS=humongous(starts), HC=humongous(continues), CS=collection set, F=free, A=archive, TS=gc time stamp, AC=allocation context, TAMS=top-at-mark-start (previous, next)
|   0|0x0000000081000000, 0x0000000081100000, 0x0000000081100000|100%|HS|  |TS  0|AC  0|TAMS 0x0000000081000000, 0x0000000081000000|
|   1|0x0000000081100000, 0x0000000081100000, 0x0000000081200000|  0%| F|  |TS  0|AC  0|TAMS 0x0000000081100000, 0x0000000081100000|
|   2|0x0000000081200000, 0x0000000081200000, 0x0000000081300000|  0%| F|  |TS  0|AC  0|TAMS 0x0000000081200000, 0x0000000081200000|
|   3|0x0000000081300000, 0x0000000081300000, 0x0000000081400000|  0%| F|  |TS  0|AC  0|TAMS 0x0000000081300000, 0x0000000081300000|
|   4|0x0000000081400000, 0x0000000081400000, 0x0000000081500000|  0%| F|  |TS  0|AC  0|TAMS 0x0000000081400000, 0x0000000081400000|
|   5|0x0000000081500000, 0x0000000081500000, 0x0000000081600000|  0%| F|  |TS  0|AC  0|TAMS 0x0000000081500000, 0x0000000081500000|
|   6|0x0000000081600000, 0x0000000081600000, 0x0000000081700000|  0%| F|  |TS  0|AC  0|TAMS 0x0000000081600000, 0x0000000081600000|
|   7|0x0000000081700000, 0x0000000081700000, 0x0000000081800000|  0%| F|  |TS  0|AC  0|TAMS 0x0000000081700000, 0x0000000081700000|
|   8|0x0000000081800000, 0x0000000081800000, 0x0000000081900000|  0%| F|  |TS  0|AC  0|TAMS 0x0000000081800000, 0x0000000081800000|
|   9|0x0000000081900000, 0x0000000081900000, 0x0000000081a00000|  0%| F|  |TS  0|AC  0|TAMS 0x0000000081900000, 0x0000000081900000|
|  10|0x0000000081a00000, 0x0000000081a00000, 0x0000000081b00000|  0%| F|  |TS  0|AC  0|TAMS 0x0000000081a00000, 0x0000000081a00000|
|  11|0x0000000081b00000, 0x0000000081b00000, 0x0000000081c00000|  0%| F|  |TS  0|AC  0|TAMS 0x0000000081b00000, 0x0000000081b00000|
|  12|0x0000000081c00000, 0x0000000081c00000, 0x0000000081d00000|  0%| F|  |TS  0|AC  0|TAMS 0x0000000081c00000, 0x0000000081c00000|
|  13|0x0000000081d00000, 0x0000000081d00000, 0x0000000081e00000|  0%| F|  |TS  0|AC  0|TAMS 0x0000000081d00000, 0x0000000081d00000|
|  14|0x0000000081e00000, 0x0000000081e00000, 0x0000000081f00000|  0%| F|  |TS  0|AC  0|TAMS 0x0000000081e00000, 0x0000000081e00000|
|  15|0x0000000081f00000, 0x0000000081f00000, 0x0000000082000000|  0%| F|  |TS  0|AC  0|TAMS 0x0000000081f00000, 0x0000000081f00000|
|  16|0x0000000082000000, 0x0000000082000000, 0x0000000082100000|  0%| F|  |TS  0|AC  0|TAMS 0x0000000082000000, 0x0000000082000000|
|  17|0x0000000082100000, 0x0000000082100000, 0x0000000082200000|  0%| F|  |TS  0|AC  0|TAMS 0x0000000082100000, 0x0000000082100000|
|  18|0x0000000082200000, 0x0000000082200000, 0x0000000082300000|  0%| F|  |TS  0|AC  0|TAMS 0x0000000082200000, 0x0000000082200000|
|  19|0x0000000082300000, 0x0000000082300000, 0x0000000082400000|  0%| F|  |TS  0|AC  0|TAMS 0x0000000082300000, 0x0000000082300000|
|  20|0x0000000082400000, 0x0000000082400000, 0x0000000082500000|  0%| F|  |TS  0|AC  0|TAMS 0x0000000082400000, 0x0000000082400000|
|  21|0x0000000082500000, 0x0000000082500000, 0x0000000082600000|  0%| F|  |TS  0|AC  0|TAMS 0x0000000082500000, 0x0000000082500000|
|  22|0x0000000082600000, 0x0000000082600000, 0x0000000082700000|  0%| F|  |TS  0|AC  0|TAMS 0x0000000082600000, 0x0000000082600000|
|  23|0x0000000082700000, 0x0000000082700000, 0x0000000082800000|  0%| F|  |TS  0|AC  0|TAMS 0x0000000082700000, 0x0000000082700000|
|  24|0x0000000082800000, 0x0000000082800000, 0x0000000082900000|  0%| F|  |TS  0|AC  0|TAMS 0x0000000082800000, 0x0000000082800000|
|  25|0x0000000082900000, 0x0000000082900000, 0x0000000082a00000|  0%| F|  |TS  0|AC  0|TAMS 0x0000000082900000, 0x0000000082900000|
|  26|0x0000000082a00000, 0x0000000082a00000, 0x0000000082b00000|  0%| F|  |TS  0|AC  0|TAMS 0x0000000082a00000, 0x0000000082a00000|
|  27|0x0000000082b00000, 0x0000000082b00000, 0x0000000082c00000|  0%| F|  |TS  0|AC  0|TAMS 0x0000000082b00000, 0x0000000082b00000|
|  28|0x0000000082c00000, 0x0000000082c00000, 0x0000000082d00000|  0%| F|  |TS  0|AC  0|TAMS 0x0000000082c00000, 0x0000000082c00000|
|  29|0x0000000082d00000, 0x0000000082d00000, 0x0000000082e00000|  0%| F|  |TS  0|AC  0|TAMS 0x0000000082d00000, 0x0000000082d00000|
|  30|0x0000000082e00000, 0x0000000082e00000, 0x0000000082f00000|  0%| F|  |TS  0|AC  0|TAMS 0x0000000082e00000, 0x0000000082e00000|
|  31|0x0000000082f00000, 0x0000000082f00000, 0x0000000083000000|  0%| F|  |TS  0|AC  0|TAMS 0x0000000082f00000, 0x0000000082f00000|
|  32|0x0000000083000000, 0x0000000083000000, 0x0000000083100000|  0%| F|  |TS  0|AC  0|TAMS 0x0000000083000000, 0x0000000083000000|
|  33|0x0000000083100000, 0x0000000083100000, 0x0000000083200000|  0%| F|  |TS  0|AC  0|TAMS 0x0000000083100000, 0x0000000083100000|
|  34|0x0000000083200000, 0x0000000083200000, 0x0000000083300000|  0%| F|  |TS  0|AC  0|TAMS 0x0000000083200000, 0x0000000083200000|
|  35|0x0000000083300000, 0x0000000083300000, 0x0000000083400000|  0%| F|  |TS  0|AC  0|TAMS 0x0000000083300000, 0x0000000083300000|
|  36|0x0000000083400000, 0x0000000083400000, 0x0000000083500000|  0%| F|  |TS  0|AC  0|TAMS 0x0000000083400000, 0x0000000083400000|
|  37|0x0000000083500000, 0x0000000083500000, 0x0000000083600000|  0%| F|  |TS  0|AC  0|TAMS 0x0000000083500000, 0x0000000083500000|
|  38|0x0000000083600000, 0x0000000083600000, 0x0000000083700000|  0%| F|  |TS  0|AC  0|TAMS 0x0000000083600000, 0x0000000083600000|
|  39|0x0000000083700000, 0x0000000083700000, 0x0000000083800000|  0%| F|  |TS  0|AC  0|TAMS 0x0000000083700000, 0x0000000083700000|
|  40|0x0000000083800000, 0x0000000083800000, 0x0000000083900000|  0%| F|  |TS  0|AC  0|TAMS 0x0000000083800000, 0x0000000083800000|
|  41|0x0000000083900000, 0x0000000083900000, 0x0000000083a00000|  0%| F|  |TS  0|AC  0|TAMS 0x0000000083900000, 0x0000000083900000|
|  42|0x0000000083a00000, 0x0000000083a00000, 0x0000000083b00000|  0%| F|  |TS  0|AC  0|TAMS 0x0000000083a00000, 0x0000000083a00000|
|  43|0x0000000083b00000, 0x0000000083b00000, 0x0000000083c00000|  0%| F|  |TS  0|AC  0|TAMS 0x0000000083b00000, 0x0000000083b00000|
|  44|0x0000000083c00000, 0x0000000083c00000, 0x0000000083d00000|  0%| F|  |TS  0|AC  0|TAMS 0x0000000083c00000, 0x0000000083c00000|
|  45|0x0000000083d00000, 0x0000000083d00000, 0x0000000083e00000|  0%| F|  |TS  0|AC  0|TAMS 0x0000000083d00000, 0x0000000083d00000|
|  46|0x0000000083e00000, 0x0000000083e00000, 0x0000000083f00000|  0%| F|  |TS  0|AC  0|TAMS 0x0000000083e00000, 0x0000000083e00000|
|  47|0x0000000083f00000, 0x0000000083f00000, 0x0000000084000000|  0%| F|  |TS  0|AC  0|TAMS 0x0000000083f00000, 0x0000000083f00000|
|  48|0x0000000084000000, 0x0000000084000000, 0x0000000084100000|  0%| F|  |TS  0|AC  0|TAMS 0x0000000084000000, 0x0000000084000000|
|  49|0x0000000084100000, 0x0000000084100000, 0x0000000084200000|  0%| F|  |TS  0|AC  0|TAMS 0x0000000084100000, 0x0000000084100000|
|  50|0x0000000084200000, 0x0000000084200000, 0x0000000084300000|  0%| F|  |TS  0|AC  0|TAMS 0x0000000084200000, 0x0000000084200000|
|  51|0x0000000084300000, 0x0000000084300000, 0x0000000084400000|  0%| F|  |TS  0|AC  0|TAMS 0x0000000084300000, 0x0000000084300000|
|  52|0x0000000084400000, 0x0000000084400000, 0x0000000084500000|  0%| F|  |TS  0|AC  0|TAMS 0x0000000084400000, 0x0000000084400000|
|  53|0x0000000084500000, 0x0000000084500000, 0x0000000084600000|  0%| F|  |TS  0|AC  0|TAMS 0x0000000084500000, 0x0000000084500000|
|  54|0x0000000084600000, 0x0000000084600000, 0x0000000084700000|  0%| F|  |TS  0|AC  0|TAMS 0x0000000084600000, 0x0000000084600000|
|  55|0x0000000084700000, 0x0000000084700000, 0x0000000084800000|  0%| F|  |TS  0|AC  0|TAMS 0x0000000084700000, 0x0000000084700000|
|  56|0x0000000084800000, 0x0000000084800000, 0x0000000084900000|  0%| F|  |TS  0|AC  0|TAMS 0x0000000084800000, 0x0000000084800000|
|  57|0x0000000084900000, 0x0000000084900000, 0x0000000084a00000|  0%| F|  |TS  0|AC  0|TAMS 0x0000000084900000, 0x0000000084900000|
|  58|0x0000000084a00000, 0x0000000084a00000, 0x0000000084b00000|  0%| F|  |TS  0|AC  0|TAMS 0x0000000084a00000, 0x0000000084a00000|
|  59|0x0000000084b00000, 0x0000000084b00000, 0x0000000084c00000|  0%| F|  |TS  0|AC  0|TAMS 0x0000000084b00000, 0x0000000084b00000|
|  60|0x0000000084c00000, 0x0000000084c00000, 0x0000000084d00000|  0%| F|  |TS  0|AC  0|TAMS 0x0000000084c00000, 0x0000000084c00000|
|  61|0x0000000084d00000, 0x0000000084d00000, 0x0000000084e00000|  0%| F|  |TS  0|AC  0|TAMS 0x0000000084d00000, 0x0000000084d00000|
|  62|0x0000000084e00000, 0x0000000084e00000, 0x0000000084f00000|  0%| F|  |TS  0|AC  0|TAMS 0x0000000084e00000, 0x0000000084e00000|
|  63|0x0000000084f00000, 0x0000000084f00000, 0x0000000085000000|  0%| F|  |TS  0|AC  0|TAMS 0x0000000084f00000, 0x0000000084f00000|
|  64|0x0000000085000000, 0x0000000085000000, 0x0000000085100000|  0%| F|  |TS  0|AC  0|TAMS 0x0000000085000000, 0x0000000085000000|
|  65|0x0000000085100000, 0x0000000085100000, 0x0000000085200000|  0%| F|  |TS  0|AC  0|TAMS 0x0000000085100000, 0x0000000085100000|
|  66|0x0000000085200000, 0x0000000085200000, 0x0000000085300000|  0%| F|  |TS  0|AC  0|TAMS 0x0000000085200000, 0x0000000085200000|
|  67|0x0000000085300000, 0x0000000085300000, 0x0000000085400000|  0%| F|  |TS  0|AC  0|TAMS 0x0000000085300000, 0x0000000085300000|
|  68|0x0000000085400000, 0x0000000085400000, 0x0000000085500000|  0%| F|  |TS  0|AC  0|TAMS 0x0000000085400000, 0x0000000085400000|
|  69|0x0000000085500000, 0x0000000085500000, 0x0000000085600000|  0%| F|  |TS  0|AC  0|TAMS 0x0000000085500000, 0x0000000085500000|
|  70|0x0000000085600000, 0x0000000085600000, 0x0000000085700000|  0%| F|  |TS  0|AC  0|TAMS 0x0000000085600000, 0x0000000085600000|
|  71|0x0000000085700000, 0x0000000085700000, 0x0000000085800000|  0%| F|  |TS  0|AC  0|TAMS 0x0000000085700000, 0x0000000085700000|
|  72|0x0000000085800000, 0x0000000085800000, 0x0000000085900000|  0%| F|  |TS  0|AC  0|TAMS 0x0000000085800000, 0x0000000085800000|
|  73|0x0000000085900000, 0x0000000085900000, 0x0000000085a00000|  0%| F|  |TS  0|AC  0|TAMS 0x0000000085900000, 0x0000000085900000|
|  74|0x0000000085a00000, 0x0000000085a00000, 0x0000000085b00000|  0%| F|  |TS  0|AC  0|TAMS 0x0000000085a00000, 0x0000000085a00000|
|  75|0x0000000085b00000, 0x0000000085b00000, 0x0000000085c00000|  0%| F|  |TS  0|AC  0|TAMS 0x0000000085b00000, 0x0000000085b00000|
|  76|0x0000000085c00000, 0x0000000085c00000, 0x0000000085d00000|  0%| F|  |TS  0|AC  0|TAMS 0x0000000085c00000, 0x0000000085c00000|
|  77|0x0000000085d00000, 0x0000000085d00000, 0x0000000085e00000|  0%| F|  |TS  0|AC  0|TAMS 0x0000000085d00000, 0x0000000085d00000|
|  78|0x0000000085e00000, 0x0000000085e00000, 0x0000000085f00000|  0%| F|  |TS  0|AC  0|TAMS 0x0000000085e00000, 0x0000000085e00000|
|  79|0x0000000085f00000, 0x0000000085f00000, 0x0000000086000000|  0%| F|  |TS  0|AC  0|TAMS 0x0000000085f00000, 0x0000000085f00000|
|  80|0x0000000086000000, 0x0000000086000000, 0x0000000086100000|  0%| F|  |TS  0|AC  0|TAMS 0x0000000086000000, 0x0000000086000000|
|  81|0x0000000086100000, 0x0000000086100000, 0x0000000086200000|  0%| F|  |TS  0|AC  0|TAMS 0x0000000086100000, 0x0000000086100000|
|  82|0x0000000086200000, 0x0000000086200000, 0x0000000086300000|  0%| F|  |TS  0|AC  0|TAMS 0x0000000086200000, 0x0000000086200000|
|  83|0x0000000086300000, 0x0000000086300000, 0x0000000086400000|  0%| F|  |TS  0|AC  0|TAMS 0x0000000086300000, 0x0000000086300000|
|  84|0x0000000086400000, 0x0000000086400000, 0x0000000086500000|  0%| F|  |TS  0|AC  0|TAMS 0x0000000086400000, 0x0000000086400000|
|  85|0x0000000086500000, 0x0000000086500000, 0x0000000086600000|  0%| F|  |TS  0|AC  0|TAMS 0x0000000086500000, 0x0000000086500000|
|  86|0x0000000086600000, 0x0000000086600000, 0x0000000086700000|  0%| F|  |TS  0|AC  0|TAMS 0x0000000086600000, 0x0000000086600000|
|  87|0x0000000086700000, 0x0000000086700000, 0x0000000086800000|  0%| F|  |TS  0|AC  0|TAMS 0x0000000086700000, 0x0000000086700000|
|  88|0x0000000086800000, 0x0000000086800000, 0x0000000086900000|  0%| F|  |TS  0|AC  0|TAMS 0x0000000086800000, 0x0000000086800000|
|  89|0x0000000086900000, 0x0000000086900000, 0x0000000086a00000|  0%| F|  |TS  0|AC  0|TAMS 0x0000000086900000, 0x0000000086900000|
|  90|0x0000000086a00000, 0x0000000086a00000, 0x0000000086b00000|  0%| F|  |TS  0|AC  0|TAMS 0x0000000086a00000, 0x0000000086a00000|
|  91|0x0000000086b00000, 0x0000000086b00000, 0x0000000086c00000|  0%| F|  |TS  0|AC  0|TAMS 0x0000000086b00000, 0x0000000086b00000|
|  92|0x0000000086c00000, 0x0000000086c00000, 0x0000000086d00000|  0%| F|  |TS  0|AC  0|TAMS 0x0000000086c00000, 0x0000000086c00000|
|  93|0x0000000086d00000, 0x0000000086d00000, 0x0000000086e00000|  0%| F|  |TS  0|AC  0|TAMS 0x0000000086d00000, 0x0000000086d00000|
|  94|0x0000000086e00000, 0x0000000086e00000, 0x0000000086f00000|  0%| F|  |TS  0|AC  0|TAMS 0x0000000086e00000, 0x0000000086e00000|
|  95|0x0000000086f00000, 0x0000000086f00000, 0x0000000087000000|  0%| F|  |TS  0|AC  0|TAMS 0x0000000086f00000, 0x0000000086f00000|
|  96|0x0000000087000000, 0x0000000087000000, 0x0000000087100000|  0%| F|  |TS  0|AC  0|TAMS 0x0000000087000000, 0x0000000087000000|
|  97|0x0000000087100000, 0x0000000087100000, 0x0000000087200000|  0%| F|  |TS  0|AC  0|TAMS 0x0000000087100000, 0x0000000087100000|
|  98|0x0000000087200000, 0x0000000087200000, 0x0000000087300000|  0%| F|  |TS  0|AC  0|TAMS 0x0000000087200000, 0x0000000087200000|
|  99|0x0000000087300000, 0x0000000087300000, 0x0000000087400000|  0%| F|  |TS  0|AC  0|TAMS 0x0000000087300000, 0x0000000087300000|
| 100|0x0000000087400000, 0x0000000087400000, 0x0000000087500000|  0%| F|  |TS  0|AC  0|TAMS 0x0000000087400000, 0x0000000087400000|
| 101|0x0000000087500000, 0x000000008757edd8, 0x0000000087600000| 49%| S|CS|TS  1|AC  0|TAMS 0x0000000087500000, 0x0000000087500000|
| 102|0x0000000087600000, 0x0000000087700000, 0x0000000087700000|100%| S|CS|TS  1|AC  0|TAMS 0x0000000087600000, 0x0000000087600000|
| 103|0x0000000087700000, 0x0000000087800000, 0x0000000087800000|100%| S|CS|TS  1|AC  0|TAMS 0x0000000087700000, 0x0000000087700000|
| 104|0x0000000087800000, 0x0000000087800000, 0x0000000087900000|  0%| F|  |TS  1|AC  0|TAMS 0x0000000087800000, 0x0000000087800000|
| 105|0x0000000087900000, 0x0000000087900000, 0x0000000087a00000|  0%| F|  |TS  1|AC  0|TAMS 0x0000000087900000, 0x0000000087900000|
| 106|0x0000000087a00000, 0x0000000087a00000, 0x0000000087b00000|  0%| F|  |TS  1|AC  0|TAMS 0x0000000087a00000, 0x0000000087a00000|
| 107|0x0000000087b00000, 0x0000000087b00000, 0x0000000087c00000|  0%| F|  |TS  1|AC  0|TAMS 0x0000000087b00000, 0x0000000087b00000|
| 108|0x0000000087c00000, 0x0000000087c00000, 0x0000000087d00000|  0%| F|  |TS  1|AC  0|TAMS 0x0000000087c00000, 0x0000000087c00000|
| 109|0x0000000087d00000, 0x0000000087d00000, 0x0000000087e00000|  0%| F|  |TS  1|AC  0|TAMS 0x0000000087d00000, 0x0000000087d00000|
| 110|0x0000000087e00000, 0x0000000087e00000, 0x0000000087f00000|  0%| F|  |TS  1|AC  0|TAMS 0x0000000087e00000, 0x0000000087e00000|
| 111|0x0000000087f00000, 0x0000000087f00000, 0x0000000088000000|  0%| F|  |TS  1|AC  0|TAMS 0x0000000087f00000, 0x0000000087f00000|
| 112|0x0000000088000000, 0x0000000088000000, 0x0000000088100000|  0%| F|  |TS  1|AC  0|TAMS 0x0000000088000000, 0x0000000088000000|
| 113|0x0000000088100000, 0x0000000088100000, 0x0000000088200000|  0%| F|  |TS  1|AC  0|TAMS 0x0000000088100000, 0x0000000088100000|
| 114|0x0000000088200000, 0x0000000088200000, 0x0000000088300000|  0%| F|  |TS  1|AC  0|TAMS 0x0000000088200000, 0x0000000088200000|
| 115|0x0000000088300000, 0x0000000088300000, 0x0000000088400000|  0%| F|  |TS  1|AC  0|TAMS 0x0000000088300000, 0x0000000088300000|
| 116|0x0000000088400000, 0x0000000088400000, 0x0000000088500000|  0%| F|  |TS  1|AC  0|TAMS 0x0000000088400000, 0x0000000088400000|
| 117|0x0000000088500000, 0x0000000088500000, 0x0000000088600000|  0%| F|  |TS  1|AC  0|TAMS 0x0000000088500000, 0x0000000088500000|
| 118|0x0000000088600000, 0x00000000886ddf78, 0x0000000088700000| 86%| E|  |TS  1|AC  0|TAMS 0x0000000088600000, 0x0000000088600000|
| 119|0x0000000088700000, 0x0000000088800000, 0x0000000088800000|100%| E|CS|TS  1|AC  0|TAMS 0x0000000088700000, 0x0000000088700000|
| 120|0x0000000088800000, 0x0000000088900000, 0x0000000088900000|100%| E|CS|TS  1|AC  0|TAMS 0x0000000088800000, 0x0000000088800000|
| 121|0x0000000088900000, 0x0000000088a00000, 0x0000000088a00000|100%| E|CS|TS  1|AC  0|TAMS 0x0000000088900000, 0x0000000088900000|
| 122|0x0000000088a00000, 0x0000000088b00000, 0x0000000088b00000|100%| E|CS|TS  1|AC  0|TAMS 0x0000000088a00000, 0x0000000088a00000|
| 123|0x0000000088b00000, 0x0000000088c00000, 0x0000000088c00000|100%| E|CS|TS  1|AC  0|TAMS 0x0000000088b00000, 0x0000000088b00000|
| 124|0x0000000088c00000, 0x0000000088d00000, 0x0000000088d00000|100%| E|CS|TS  1|AC  0|TAMS 0x0000000088c00000, 0x0000000088c00000|
| 125|0x0000000088d00000, 0x0000000088e00000, 0x0000000088e00000|100%| E|CS|TS  1|AC  0|TAMS 0x0000000088d00000, 0x0000000088d00000|
| 126|0x0000000088e00000, 0x0000000088f00000, 0x0000000088f00000|100%| E|CS|TS  1|AC  0|TAMS 0x0000000088e00000, 0x0000000088e00000|
| 127|0x0000000088f00000, 0x0000000089000000, 0x0000000089000000|100%| E|CS|TS  1|AC  0|TAMS 0x0000000088f00000, 0x0000000088f00000|

Card table byte_map: [0x0000020147470000,0x0000020147870000] byte_map_base: 0x0000020147068000

Marking Bits (Prev, Next): (CMBitMap*) 0x000002014bbf8820, (CMBitMap*) 0x000002014bbf8858
 Prev Bits: [0x0000020147c70000, 0x0000020149c30000)
 Next Bits: [0x0000020149c30000, 0x000002014bbf0000)

Polling page: 0x000002012b0a0000

CodeHeap 'non-profiled nmethods': size=120000Kb used=421Kb max_used=421Kb free=119578Kb
 bounds [0x000002013ecd0000, 0x000002013ef40000, 0x0000020146200000]
CodeHeap 'profiled nmethods': size=120000Kb used=1904Kb max_used=1904Kb free=118095Kb
 bounds [0x00000201377a0000, 0x0000020137a10000, 0x000002013ecd0000]
CodeHeap 'non-nmethods': size=5760Kb used=1364Kb max_used=1374Kb free=4396Kb
 bounds [0x0000020137200000, 0x0000020137470000, 0x00000201377a0000]
 total_blobs=1849 nmethods=1045 adapters=509
 compilation: enabled

Compilation events (10 events):
Event: 0.754 Thread 0x000002014ef2f800 nmethod 1037 0x0000020137977510 code [0x00000201379777e0, 0x00000201379788b0]
Event: 0.754 Thread 0x000002014ef2f800 1039   !   3       sun.nio.ch.FileChannelImpl::read (240 bytes)
Event: 0.755 Thread 0x000002014ef2f800 nmethod 1039 0x0000020137978f90 code [0x0000020137979260, 0x000002013797a350]
Event: 0.755 Thread 0x000002014ef2f800 1040   !   3       sun.nio.ch.IOUtil::read (93 bytes)
Event: 0.755 Thread 0x000002014ef2f800 nmethod 1040 0x000002013797aa10 code [0x000002013797ac60, 0x000002013797b4b0]
Event: 0.756 Thread 0x000002014ef2f800 1041       3       java.nio.Buffer::clear (20 bytes)
Event: 0.756 Thread 0x000002014ef2f800 nmethod 1041 0x000002013797b810 code [0x000002013797b9c0, 0x000002013797bb38]
Event: 0.757 Thread 0x000002014ef2f800 1042       3       java.nio.ByteBuffer::clear (7 bytes)
Event: 0.757 Thread 0x000002014ef2f800 nmethod 1042 0x000002013797bc10 code [0x000002013797bdc0, 0x000002013797bf98]
Event: 0.757 Thread 0x000002014ef2f800 1043   !   3       sun.font.TrueTypeFont::readBlock (380 bytes)

GC Heap History (2 events):
Event: 0.651 GC heap before
{Heap before GC invocations=0 (full 0):
 garbage-first heap   total 131072K, used 25600K [0x0000000081000000, 0x0000000081100400, 0x0000000100000000)
  region size 1024K, 24 young (24576K), 0 survivors (0K)
 Metaspace       used 14654K, capacity 15552K, committed 15744K, reserved 1062912K
  class space    used 1621K, capacity 1819K, committed 1920K, reserved 1048576K
}
Event: 0.655 GC heap after
{Heap after GC invocations=1 (full 0):
 garbage-first heap   total 131072K, used 3579K [0x0000000081000000, 0x0000000081100400, 0x0000000100000000)
  region size 1024K, 3 young (3072K), 3 survivors (3072K)
 Metaspace       used 14654K, capacity 15552K, committed 15744K, reserved 1062912K
  class space    used 1621K, capacity 1819K, committed 1920K, reserved 1048576K
}

Deoptimization events (3 events):
Event: 0.132 Thread 0x000002012b0f4000 Uncommon trap: reason=unstable_if action=reinterpret pc=0x000002013ecdb118 method=java.lang.String.charAt(I)C @ 4 c2
Event: 0.661 Thread 0x000002012b0f4000 Uncommon trap: reason=unstable_if action=reinterpret pc=0x000002013ed2ccdc method=Simulation.clearImage()V @ 7 c2
Event: 0.665 Thread 0x000002012b0f4000 Uncommon trap: reason=unstable_if action=reinterpret pc=0x000002013ed13c00 method=java.lang.ref.ReferenceQueue.poll()Ljava/lang/ref/Reference; @ 4 c2

Classes redefined (0 events):
No events

Internal exceptions (10 events):
Event: 0.464 Thread 0x000002012b0f4000 Exception <a 'java/lang/ClassNotFoundException'{0x00000000884e3b40}: com/sun/swing/internal/plaf/basic/resources/spi/basicProvider> (0x00000000884e3b40) thrown at [t:/workspace/hotspot/src/share/vm/classfile/systemDictionary.cpp, line 218]
Event: 0.495 Thread 0x000002012b0f4000 Exception <a 'java/lang/NoSuchMethodError'{0x00000000883d1658}: java.lang.invoke.DirectMethodHandle$Holder.invokeStaticInit(Ljava/lang/Object;)V> (0x00000000883d1658) thrown at [t:/workspace/hotspot/src/share/vm/interpreter/linkResolver.cpp, line 731]
Event: 0.502 Thread 0x000002012b0f4000 Exception <a 'java/lang/NoSuchMethodError'{0x000000008822d2d0}: java.lang.invoke.DirectMethodHandle$Holder.invokeStatic(Ljava/lang/Object;Ljava/lang/Object;Ljava/lang/Object;Ljava/lang/Object;Ljava/lang/Object;Ljava/lang/Object;Ljava/lang/Object;Ljava/lan
Event: 0.503 Thread 0x000002012b0f4000 Exception <a 'java/lang/NoSuchMethodError'{0x000000008824c7a0}: java.lang.invoke.DirectMethodHandle$Holder.invokeStatic(Ljava/lang/Object;Ljava/lang/Object;Ljava/lang/Object;Ljava/lang/Object;Ljava/lang/Object;Ljava/lang/Object;Ljava/lang/Object;Ljava/lan
Event: 0.505 Thread 0x000002012b0f4000 Exception <a 'java/lang/NoSuchMethodError'{0x000000008826cba8}: java.lang.invoke.DirectMethodHandle$Holder.invokeStatic(Ljava/lang/Object;Ljava/lang/Object;Ljava/lang/Object;Ljava/lang/Object;Ljava/lang/Object;Ljava/lang/Object;Ljava/lang/Object;Ljava/lan
Event: 0.506 Thread 0x000002012b0f4000 Exception <a 'java/lang/NoSuchMethodError'{0x000000008828ebd8}: java.lang.invoke.DirectMethodHandle$Holder.invokeStatic(Ljava/lang/Object;Ljava/lang/Object;Ljava/lang/Object;Ljava/lang/Object;Ljava/lang/Object;Ljava/lang/Object;Ljava/lang/Object;Ljava/lan
Event: 0.514 Thread 0x000002012b0f4000 Exception <a 'java/lang/NoSuchMethodError'{0x0000000088124b20}: java.lang.invoke.DirectMethodHandle$Holder.invokeStatic(Ljava/lang/Object;Ljava/lang/Object;Ljava/lang/Object;Ljava/lang/Object;Ljava/lang/Object;Ljava/lang/Object;Ljava/lang/Object;Ljava/lan
Event: 0.515 Thread 0x000002012b0f4000 Exception <a 'java/lang/NoSuchMethodError'{0x0000000088134768}: java.lang.invoke.DirectMethodHandle$Holder.invokeStatic(Ljava/lang/Object;Ljava/lang/Object;Ljava/lang/Object;Ljava/lang/Object;Ljava/lang/Object;Ljava/lang/Object;Ljava/lang/Object;Ljava/lan
Event: 0.517 Thread 0x000002012b0f4000 Exception <a 'java/lang/NoSuchMethodError'{0x0000000088144958}: method resolution failed> (0x0000000088144958) thrown at [t:/workspace/hotspot/src/share/vm/prims/methodHandles.cpp, line 1256]
Event: 0.525 Thread 0x000002012b0f4000 Exception <a 'java/lang/ClassNotFoundException'{0x0000000088196170}: com/sun/java/swing/plaf/windows/resources/spi/windowsProvider> (0x0000000088196170) thrown at [t:/workspace/hotspot/src/share/vm/classfile/systemDictionary.cpp, line 218]

Events (10 events):
Event: 0.759 loading class sun/awt/geom/PathConsumer2D
Event: 0.759 loading class sun/awt/geom/PathConsumer2D done
Event: 0.759 loading class sun/java2d/pipe/ShapeSpanIterator done
Event: 0.759 loading class sun/java2d/pipe/RegionSpanIterator
Event: 0.759 loading class sun/java2d/pipe/RegionSpanIterator done
Event: 0.760 loading class java/awt/print/PrinterGraphics
Event: 0.760 loading class java/awt/print/PrinterGraphics done
Event: 0.760 loading class java/awt/PrintGraphics
Event: 0.760 loading class java/awt/PrintGraphics done
Event: 0.760 loading class sun/java2d/loops/FontInfo


Dynamic libraries:
0x00007ff759e90000 - 0x00007ff759ece000 	C:\Program Files\Java\jdk-9.0.1\bin\java.exe
0x00007ff8bf1a0000 - 0x00007ff8bf381000 	C:\WINDOWS\SYSTEM32\ntdll.dll
0x00007ff8bef40000 - 0x00007ff8beff2000 	C:\WINDOWS\System32\KERNEL32.DLL
0x00007ff8bb570000 - 0x00007ff8bb7e3000 	C:\WINDOWS\System32\KERNELBASE.dll
0x00007ff8bea30000 - 0x00007ff8bead1000 	C:\WINDOWS\System32\ADVAPI32.dll
0x00007ff8bce30000 - 0x00007ff8bcece000 	C:\WINDOWS\System32\msvcrt.dll
0x00007ff8bc630000 - 0x00007ff8bc68b000 	C:\WINDOWS\System32\sechost.dll
0x00007ff8bee10000 - 0x00007ff8bef34000 	C:\WINDOWS\System32\RPCRT4.dll
0x00007ff8beae0000 - 0x00007ff8bec70000 	C:\WINDOWS\System32\USER32.dll
0x00007ff8bba90000 - 0x00007ff8bbab0000 	C:\WINDOWS\System32\win32u.dll
0x00007ff8bcd90000 - 0x00007ff8bcdb8000 	C:\WINDOWS\System32\GDI32.dll
0x00007ff8bb8f0000 - 0x00007ff8bba82000 	C:\WINDOWS\System32\gdi32full.dll
0x00007ff8bc4e0000 - 0x00007ff8bc57f000 	C:\WINDOWS\System32\msvcp_win.dll
0x00007ff8bb7f0000 - 0x00007ff8bb8ea000 	C:\WINDOWS\System32\ucrtbase.dll
0x00007ff8af0c0000 - 0x00007ff8af329000 	C:\WINDOWS\WinSxS\amd64_microsoft.windows.common-controls_6595b64144ccf1df_6.0.17134.345_none_fb429a5930656358\COMCTL32.dll
0x00007ff8b6710000 - 0x00007ff8b671a000 	C:\WINDOWS\SYSTEM32\VERSION.dll
0x00007ff8bcf80000 - 0x00007ff8bd2a3000 	C:\WINDOWS\System32\combase.dll
0x00007ff8bbb60000 - 0x00007ff8bbbda000 	C:\WINDOWS\System32\bcryptPrimitives.dll
0x00007ff8bcc70000 - 0x00007ff8bcc9d000 	C:\WINDOWS\System32\IMM32.DLL
0x00007ff86fc20000 - 0x00007ff86fd0f000 	C:\Program Files\Java\jdk-9.0.1\bin\msvcr120.dll
0x00007ff86fb70000 - 0x00007ff86fc16000 	C:\Program Files\Java\jdk-9.0.1\bin\msvcp120.dll
0x0000000068c30000 - 0x0000000069654000 	C:\Program Files\Java\jdk-9.0.1\bin\server\jvm.dll
0x00007ff8be8a0000 - 0x00007ff8be8a8000 	C:\WINDOWS\System32\PSAPI.DLL
0x00007ff8b9740000 - 0x00007ff8b9763000 	C:\WINDOWS\SYSTEM32\WINMM.dll
0x00007ff8aa930000 - 0x00007ff8aa939000 	C:\WINDOWS\SYSTEM32\WSOCK32.dll
0x00007ff8bcdc0000 - 0x00007ff8bce2c000 	C:\WINDOWS\System32\WS2_32.dll
0x00007ff8b9710000 - 0x00007ff8b973a000 	C:\WINDOWS\SYSTEM32\WINMMBASE.dll
0x00007ff8bbab0000 - 0x00007ff8bbaf9000 	C:\WINDOWS\System32\cfgmgr32.dll
0x00007ff8b9180000 - 0x00007ff8b918f000 	C:\Program Files\Java\jdk-9.0.1\bin\verify.dll
0x00007ff8a3830000 - 0x00007ff8a3857000 	C:\Program Files\Java\jdk-9.0.1\bin\java.dll
0x00007ff88daf0000 - 0x00007ff88db1a000 	C:\Program Files\Java\jdk-9.0.1\bin\instrument.dll
0x00007ff8b9160000 - 0x00007ff8b9176000 	C:\Program Files\Java\jdk-9.0.1\bin\zip.dll
0x00007ff8aa230000 - 0x00007ff8aa23a000 	C:\Program Files\Java\jdk-9.0.1\bin\jimage.dll
0x00007ff8bd460000 - 0x00007ff8be89f000 	C:\WINDOWS\System32\SHELL32.dll
0x00007ff8bd3b0000 - 0x00007ff8bd459000 	C:\WINDOWS\System32\shcore.dll
0x00007ff8bbdd0000 - 0x00007ff8bc4dd000 	C:\WINDOWS\System32\windows.storage.dll
0x00007ff8bc690000 - 0x00007ff8bc6e1000 	C:\WINDOWS\System32\shlwapi.dll
0x00007ff8bb550000 - 0x00007ff8bb561000 	C:\WINDOWS\System32\kernel.appcore.dll
0x00007ff8bb530000 - 0x00007ff8bb54f000 	C:\WINDOWS\System32\profapi.dll
0x00007ff8bb4e0000 - 0x00007ff8bb52c000 	C:\WINDOWS\System32\powrprof.dll
0x00007ff8bb4d0000 - 0x00007ff8bb4da000 	C:\WINDOWS\System32\FLTLIB.DLL
0x00007ff8a57b0000 - 0x00007ff8a57ca000 	C:\Program Files\Java\jdk-9.0.1\bin\net.dll
0x00007ff8b4c40000 - 0x00007ff8b4d1c000 	C:\WINDOWS\SYSTEM32\WINHTTP.dll
0x00007ff8bad30000 - 0x00007ff8bad96000 	C:\WINDOWS\system32\mswsock.dll
0x00007ff89c490000 - 0x00007ff89c4a1000 	C:\Program Files\Java\jdk-9.0.1\bin\nio.dll
0x00007ff89b070000 - 0x00007ff89b08a000 	C:\Program Files\JetBrains\IntelliJ IDEA Community Edition 2018.2.1\bin\breakgen64.dll
0x00007ff86f380000 - 0x00007ff86f519000 	C:\Program Files\Java\jdk-9.0.1\bin\awt.dll
0x00007ff8bc750000 - 0x00007ff8bc812000 	C:\WINDOWS\System32\OLEAUT32.dll
0x00007ff8b84f0000 - 0x00007ff8b8ab7000 	C:\WINDOWS\SYSTEM32\d2d1.dll
0x00007ff8b9830000 - 0x00007ff8b98bb000 	C:\WINDOWS\SYSTEM32\apphelp.dll
0x00007ff8b9c40000 - 0x00007ff8b9c69000 	C:\WINDOWS\system32\DWMAPI.DLL
0x00007ff8b9960000 - 0x00007ff8b99f8000 	C:\WINDOWS\system32\uxtheme.dll
0x00007ff86f710000 - 0x00007ff86f830000 	C:\WINDOWS\system32\opengl32.dll
0x00007ff89c4b0000 - 0x00007ff89c4dc000 	C:\WINDOWS\SYSTEM32\GLU32.dll
0x00007ff8be8b0000 - 0x00007ff8bea24000 	C:\WINDOWS\System32\MSCTF.dll
0x00007ff8bf000000 - 0x00007ff8bf151000 	C:\WINDOWS\System32\ole32.dll
0x00007ff8ac180000 - 0x00007ff8ac317000 	C:\WINDOWS\system32\d3d9.dll
0x00007ff8b3600000 - 0x00007ff8b36eb000 	C:\WINDOWS\System32\DriverStore\FileRepository\nv_dispi.inf_amd64_040c7acb04cee565\nvldumdx.dll
0x00007ff8bbbe0000 - 0x00007ff8bbdc2000 	C:\WINDOWS\System32\crypt32.dll
0x00007ff8bb4b0000 - 0x00007ff8bb4c2000 	C:\WINDOWS\System32\MSASN1.dll
0x00007ff8bbb00000 - 0x00007ff8bbb57000 	C:\WINDOWS\System32\WINTRUST.DLL
0x00007ff8bcf60000 - 0x00007ff8bcf7d000 	C:\WINDOWS\System32\imagehlp.dll
0x00007ff8baee0000 - 0x00007ff8baef7000 	C:\WINDOWS\SYSTEM32\CRYPTSP.dll
0x00007ff8ba910000 - 0x00007ff8ba943000 	C:\WINDOWS\system32\rsaenh.dll
0x00007ff8bb010000 - 0x00007ff8bb035000 	C:\WINDOWS\SYSTEM32\bcrypt.dll
0x00007ff8baf00000 - 0x00007ff8baf0b000 	C:\WINDOWS\SYSTEM32\CRYPTBASE.dll
0x00007ff864670000 - 0x00007ff8658a8000 	C:\WINDOWS\System32\DriverStore\FileRepository\nv_dispi.inf_amd64_040c7acb04cee565\nvd3dumx.dll
0x00007ff8afb70000 - 0x00007ff8afc32000 	C:\Program Files (x86)\NVIDIA Corporation\3D Vision\nvSCPAPI64.dll
0x00007ff8bc820000 - 0x00007ff8bcc6b000 	C:\WINDOWS\System32\SETUPAPI.dll
0x00007ff8930b0000 - 0x00007ff89331a000 	C:\WINDOWS\system32\nvspcap64.dll
0x00007ff8ba5a0000 - 0x00007ff8ba5d1000 	C:\WINDOWS\SYSTEM32\ntmarta.dll
0x00007ff8ba1f0000 - 0x00007ff8ba212000 	C:\WINDOWS\SYSTEM32\gpapi.dll
0x00007ff8b4f50000 - 0x00007ff8b4f7e000 	C:\WINDOWS\SYSTEM32\cryptnet.dll
0x00007ff86f2e0000 - 0x00007ff86f37d000 	C:\Program Files\Java\jdk-9.0.1\bin\fontmanager.dll
0x00007ff88d0b0000 - 0x00007ff88d0f2000 	C:\Program Files\Java\jdk-9.0.1\bin\t2k.dll
0x00007ff8bd310000 - 0x00007ff8bd3b0000 	C:\WINDOWS\System32\clbcatq.dll
0x00007ff8b3e90000 - 0x00007ff8b403e000 	C:\WINDOWS\SYSTEM32\WindowsCodecs.dll
0x00007ff8a9b50000 - 0x00007ff8a9ba8000 	C:\WINDOWS\system32\dataexchange.dll
0x00007ff8b8eb0000 - 0x00007ff8b904c000 	C:\WINDOWS\system32\dcomp.dll
0x00007ff8b8ac0000 - 0x00007ff8b8dcb000 	C:\WINDOWS\system32\d3d11.dll
0x00007ff8ba270000 - 0x00007ff8ba32b000 	C:\WINDOWS\system32\dxgi.dll
0x00007ff8b9d80000 - 0x00007ff8b9f38000 	C:\WINDOWS\system32\twinapi.appcore.dll
0x00007ff8b9d20000 - 0x00007ff8b9d41000 	C:\WINDOWS\system32\RMCLIENT.dll
0x00007ff8a9bb0000 - 0x00007ff8a9c47000 	C:\WINDOWS\System32\TextInputFramework.dll
0x00007ff8b39b0000 - 0x00007ff8b3cce000 	C:\WINDOWS\System32\CoreUIComponents.dll
0x00007ff8b9510000 - 0x00007ff8b95ea000 	C:\WINDOWS\System32\CoreMessaging.dll
0x00007ff8b7230000 - 0x00007ff8b737d000 	C:\WINDOWS\SYSTEM32\wintypes.dll
0x00007ff8acb60000 - 0x00007ff8acd29000 	C:\WINDOWS\SYSTEM32\dbghelp.dll

VM Arguments:
jvm_args: -javaagent:C:\Program Files\JetBrains\IntelliJ IDEA Community Edition 2018.2.1\lib\idea_rt.jar=56786:C:\Program Files\JetBrains\IntelliJ IDEA Community Edition 2018.2.1\bin -Dfile.encoding=UTF-8 
java_command: UI
java_class_path (initial): H:\Thomas\Documents\IdeaProjects\RobotArm\out\production\RobotArm
Launcher Type: SUN_STANDARD

Logging:
Log output configuration:
#0: stdout all=warning uptime,level,tags
#1: stderr all=off uptime,level,tags

Environment Variables:
PATH=c:\program files (x86)\common files\oracle\java\javapath;c:\programdata\oracle\java\javapath;c:\windows\system32;c:\windows;c:\windows\system32\wbem;c:\windows\system32\windowspowershell\v1.0\;c:\windows\system32;c:\windows;c:\windows\system32\wbem;c:\windows\system32\windowspowershell\v1.0\;c:\program files\git\cmd;c:\windows\system32\openssh\;C:\Program Files (x86)\NVIDIA Corporation\PhysX\Common;C:\Program Files (x86)\Wiimm\WIT;C:\Program Files (x86)\Wiimm\SZS;C:\Users\Thomas\AppData\Local\Microsoft\WindowsApps;C:\Program Files (x86)\Wiimm\WIT;C:\Program Files (x86)\Wiimm\SZS
USERNAME=Thomas
OS=Windows_NT
PROCESSOR_IDENTIFIER=AMD64 Family 23 Model 1 Stepping 1, AuthenticAMD



---------------  S Y S T E M  ---------------

OS: Windows 10 , 64 bit Build 17134 (10.0.17134.1)

CPU:total 8 (initial active 8) (8 cores per cpu, 1 threads per core) family 23 model 1 stepping 1, cmov, cx8, fxsr, mmx, sse, sse2, sse3, ssse3, sse4.1, sse4.2, popcnt, avx, avx2, aes, clmul, mmxext, 3dnowpref, lzcnt, sse4a, tsc, tscinvbit, tscinv, bmi1

Memory: 4k page, physical 8319244k(3408704k free), swap 9826572k(1527708k free)

vm_info: Java HotSpot(TM) 64-Bit Server VM (9.0.1+11) for windows-amd64 JRE (9.0.1+11), built on Sep 28 2017 04:54:03 by "mach5one" with MS VC++ 12.0 (VS2013)

END.
